<?xml version="1.0" encoding="UTF-8"?>
<!-- Generated by org.testng.reporters.JUnitReportReporter -->
<testsuite hostname="WMS" failures="0" tests="1" name="qa.testcases.flowtest" time="13.494" errors="0" timestamp="2024-02-28T18:00:18 IST" skipped="0">
  <testcase classname="qa.testcases.flowtest" name="verfiyHelptest" time="13.494"/>
  <system-out/>
</testsuite> <!-- qa.testcases.flowtest -->
